{"/Users/jamiecoe/Google Drive/Programming/FAC/Week-2/JN-TravisTest/fizzbuzz.js":{"path":"/Users/jamiecoe/Google Drive/Programming/FAC/Week-2/JN-TravisTest/fizzbuzz.js","s":{"1":1,"2":18,"3":5,"4":13,"5":4,"6":9,"7":5,"8":4,"9":0,"10":4,"11":1,"12":1},"b":{"1":[5,13],"2":[18,9],"3":[4,9],"4":[5,4],"5":[0,4]},"f":{"1":18,"2":0},"fnMap":{"1":{"name":"fizzbuzz","line":1,"loc":{"start":{"line":1,"column":0},"end":{"line":1,"column":23}}},"2":{"name":"test","line":18,"loc":{"start":{"line":18,"column":0},"end":{"line":18,"column":16}}}},"statementMap":{"1":{"start":{"line":1,"column":0},"end":{"line":14,"column":1}},"2":{"start":{"line":2,"column":2},"end":{"line":13,"column":3}},"3":{"start":{"line":3,"column":4},"end":{"line":3,"column":21}},"4":{"start":{"line":4,"column":9},"end":{"line":13,"column":3}},"5":{"start":{"line":5,"column":4},"end":{"line":5,"column":17}},"6":{"start":{"line":6,"column":9},"end":{"line":13,"column":3}},"7":{"start":{"line":7,"column":4},"end":{"line":7,"column":17}},"8":{"start":{"line":8,"column":9},"end":{"line":13,"column":3}},"9":{"start":{"line":9,"column":4},"end":{"line":9,"column":18}},"10":{"start":{"line":12,"column":4},"end":{"line":12,"column":14}},"11":{"start":{"line":16,"column":0},"end":{"line":16,"column":26}},"12":{"start":{"line":18,"column":0},"end":{"line":20,"column":1}}},"branchMap":{"1":{"line":2,"type":"if","locations":[{"start":{"line":2,"column":2},"end":{"line":2,"column":2}},{"start":{"line":2,"column":2},"end":{"line":2,"column":2}}]},"2":{"line":2,"type":"binary-expr","locations":[{"start":{"line":2,"column":6},"end":{"line":2,"column":19}},{"start":{"line":2,"column":23},"end":{"line":2,"column":36}}]},"3":{"line":4,"type":"if","locations":[{"start":{"line":4,"column":9},"end":{"line":4,"column":9}},{"start":{"line":4,"column":9},"end":{"line":4,"column":9}}]},"4":{"line":6,"type":"if","locations":[{"start":{"line":6,"column":9},"end":{"line":6,"column":9}},{"start":{"line":6,"column":9},"end":{"line":6,"column":9}}]},"5":{"line":8,"type":"if","locations":[{"start":{"line":8,"column":9},"end":{"line":8,"column":9}},{"start":{"line":8,"column":9},"end":{"line":8,"column":9}}]}}}}